{
  "RSpec": {
    "coverage": {
      "/home/ezekielriva/Sites/save-my-money/app/models/user.rb": [
        1,
        null,
        null,
        1,
        null,
        null,
        1,
        1,
        null,
        1,
        null
      ],
      "/home/ezekielriva/Sites/save-my-money/app/helpers/application_helper.rb": [
        1,
        null
      ],
      "/home/ezekielriva/Sites/save-my-money/app/models/category.rb": [
        1,
        1,
        null
      ],
      "/home/ezekielriva/Sites/save-my-money/app/models/chest.rb": [
        1,
        1,
        1,
        null,
        1,
        null
      ],
      "/home/ezekielriva/Sites/save-my-money/app/models/coin.rb": [
        1,
        1,
        1,
        1,
        null
      ],
      "/home/ezekielriva/Sites/save-my-money/app/controllers/application_controller.rb": [
        1,
        null,
        null,
        1,
        null
      ],
      "/home/ezekielriva/Sites/save-my-money/app/controllers/users/registrations_controller.rb": [
        1,
        1,
        2,
        null,
        2,
        2,
        2,
        1,
        1,
        1,
        1,
        1,
        null,
        0,
        0,
        0,
        null,
        null,
        1,
        1,
        null,
        null,
        null
      ],
      "/home/ezekielriva/Sites/save-my-money/app/controllers/welcome_controller.rb": [
        1,
        1,
        null,
        null
      ]
    },
    "timestamp": 1395438489
  }
}
