{
  "RSpec": {
    "coverage": {
      "/home/ezekielriva/Sites/save-my-money/app/models/user.rb": [
        1,
        null,
        null,
        1,
        null,
        null
      ],
      "/home/ezekielriva/Sites/save-my-money/app/helpers/application_helper.rb": [
        1,
        null
      ],
      "/home/ezekielriva/Sites/save-my-money/app/controllers/application_controller.rb": [
        1,
        null,
        null,
        1,
        null
      ],
      "/home/ezekielriva/Sites/save-my-money/app/controllers/welcome_controller.rb": [
        1,
        1,
        null,
        null
      ]
    },
    "timestamp": 1395183880
  }
}
